SF:lib/core/error/Failure.dart
DA:4,2
DA:5,2
LF:2
LH:2
end_of_record
SF:lib/features/sign_up/data/datasource/auth_data_source.dart
DA:10,0
DA:11,0
DA:13,0
DA:14,0
DA:18,0
DA:19,0
DA:20,0
DA:21,0
DA:24,0
DA:26,0
DA:27,0
DA:30,0
DA:31,0
DA:33,0
DA:34,0
DA:38,0
DA:39,0
DA:41,0
DA:42,0
DA:43,0
DA:44,0
DA:50,0
DA:51,0
DA:52,0
DA:60,0
DA:61,0
DA:62,0
DA:63,0
DA:64,0
DA:65,0
DA:66,0
LF:31
LH:0
end_of_record
SF:lib/features/sign_up/data/models/user_model.dart
DA:9,3
DA:10,3
DA:19,4
LF:3
LH:3
end_of_record
SF:lib/features/sign_up/data/repositories/register_user_repository_imp.dart
DA:13,1
DA:16,1
DA:19,3
DA:20,3
DA:21,1
DA:22,2
DA:27,0
DA:28,0
DA:30,0
DA:32,0
DA:37,0
DA:39,0
DA:41,0
DA:43,0
DA:47,0
DA:48,0
DA:50,0
DA:52,0
DA:56,0
DA:57,0
DA:59,0
DA:61,0
DA:64,0
DA:67,0
DA:69,0
DA:71,0
LF:26
LH:6
end_of_record
SF:lib/features/sign_up/domain/entities/register_user.dart
DA:8,5
DA:10,3
DA:11,9
LF:3
LH:3
end_of_record
SF:lib/features/sign_up/presentation/bloc/sign_up_user_state.dart
DA:4,1
DA:6,1
DA:7,1
DA:17,1
DA:19,1
DA:20,2
DA:26,1
DA:28,1
DA:29,2
LF:9
LH:9
end_of_record
SF:lib/features/sign_up/presentation/bloc/sign_up_user_event.dart
DA:4,1
DA:10,1
DA:12,0
DA:13,0
LF:4
LH:2
end_of_record
SF:lib/features/sign_up/presentation/bloc/sign_up_user_bloc.dart
DA:26,1
DA:28,1
DA:29,1
DA:32,1
DA:35,1
DA:36,3
DA:37,2
DA:38,1
DA:39,2
DA:41,1
DA:42,2
DA:43,3
DA:44,2
DA:45,2
DA:51,1
DA:54,1
DA:55,0
DA:56,0
DA:60,0
DA:61,0
DA:62,0
LF:21
LH:16
end_of_record
SF:lib/core/usecases/usecase.dart
DA:10,0
DA:11,0
LF:2
LH:0
end_of_record
SF:lib/features/sign_up/data/models/user_model_to_user_mapper.dart
DA:6,2
DA:7,6
LF:2
LH:2
end_of_record
SF:lib/features/sign_up/domain/usercases/register_user.dart
DA:11,1
DA:14,1
DA:15,5
DA:22,2
DA:24,0
DA:25,0
LF:6
LH:4
end_of_record
SF:lib/features/sign_up/presentation/credential.dart
DA:8,2
DA:10,0
DA:11,0
LF:3
LH:1
end_of_record
SF:lib/features/sign_up/presentation/sign_up_validator.dart
DA:9,2
DA:10,4
DA:11,4
DA:13,4
DA:16,2
DA:18,2
DA:21,2
DA:23,4
DA:26,2
DA:27,2
DA:29,2
DA:37,2
LF:12
LH:12
end_of_record
SF:lib/main.dart
DA:3,0
DA:7,1
DA:9,1
DA:11,1
DA:23,1
DA:29,2
DA:42,1
DA:43,1
DA:49,1
DA:50,2
DA:56,2
DA:60,1
DA:68,1
DA:69,1
DA:72,3
DA:74,1
DA:77,1
DA:93,1
DA:94,1
DA:97,1
DA:98,2
DA:99,3
DA:104,1
DA:105,1
DA:107,1
LF:25
LH:24
end_of_record
