SF:lib/features/sign_up/data/models/user_model.dart
DA:9,1
DA:10,1
DA:19,4
LF:3
LH:3
end_of_record
SF:lib/features/sign_up/domain/entities/register_user.dart
DA:8,3
DA:10,1
DA:11,3
LF:3
LH:3
end_of_record
SF:lib/core/error/Failure.dart
DA:4,1
DA:5,1
LF:2
LH:2
end_of_record
SF:lib/core/usecases/usecase.dart
DA:10,0
DA:11,0
LF:2
LH:0
end_of_record
SF:lib/features/sign_up/domain/usercases/register_user.dart
DA:11,1
DA:14,1
DA:15,5
DA:23,2
DA:25,0
DA:26,0
LF:6
LH:4
end_of_record
SF:lib/features/sign_up/presentation/credential.dart
DA:8,2
DA:10,1
DA:11,3
LF:3
LH:3
end_of_record
SF:lib/features/sign_up/presentation/sign_up_validator.dart
DA:9,2
DA:10,4
DA:11,4
DA:13,2
DA:16,2
DA:18,2
DA:21,2
DA:23,4
DA:26,2
DA:27,2
DA:29,2
DA:37,1
LF:12
LH:12
end_of_record
SF:lib/features/sign_up/presentation/bloc/sign_up_user_state.dart
DA:4,1
DA:6,1
DA:7,1
DA:17,0
DA:19,0
DA:20,0
DA:26,1
DA:28,1
DA:29,2
LF:9
LH:6
end_of_record
SF:lib/features/sign_up/presentation/bloc/sign_up_user_event.dart
DA:4,1
DA:10,1
DA:12,0
DA:13,0
LF:4
LH:2
end_of_record
SF:lib/features/sign_up/presentation/bloc/sign_up_user_bloc.dart
DA:25,1
DA:27,1
DA:28,1
DA:31,1
DA:34,1
DA:35,3
DA:36,2
DA:37,0
DA:38,0
DA:40,1
DA:41,2
DA:42,3
DA:53,0
DA:54,0
DA:55,0
LF:15
LH:10
end_of_record
SF:lib/main.dart
DA:3,0
DA:7,1
DA:9,1
DA:11,1
DA:23,1
DA:29,2
DA:42,1
DA:43,1
DA:49,1
DA:50,2
DA:56,2
DA:60,1
DA:68,1
DA:69,1
DA:72,3
DA:74,1
DA:77,1
DA:93,1
DA:94,1
DA:97,1
DA:98,2
DA:99,3
DA:104,1
DA:105,1
DA:107,1
LF:25
LH:24
end_of_record
